<?xml version="1.0" encoding="UTF-8"?>
<!-- Generated by org.testng.reporters.JUnitReportReporter -->
<testsuite ignored="0" hostname="DESKTOP-EM23KPC" failures="0" tests="1" name="Appium.GenyMotionEmulator" time="2.561" errors="0" timestamp="17 Aug 2021 11:47:28 GMT" skipped="0">
  <testcase classname="Appium.GenyMotionEmulator" name="testcase1" time="2.561"/>
</testsuite> <!-- Appium.GenyMotionEmulator -->
