<?xml version="1.0" encoding="UTF-8"?>
<!-- Generated by org.testng.reporters.JUnitReportReporter -->
<testsuite ignored="0" hostname="DESKTOP-EM23KPC" failures="0" tests="1" name="Appium.UIAutomatorExample" time="19.466" errors="0" timestamp="12 Aug 2021 12:50:57 GMT" skipped="0">
  <testcase classname="Appium.UIAutomatorExample" name="testcase1" time="19.466"/>
</testsuite> <!-- Appium.UIAutomatorExample -->
