<?xml version="1.0" encoding="UTF-8"?>
<!-- Generated by org.testng.reporters.JUnitReportReporter -->
<testsuite ignored="0" hostname="DESKTOP-EM23KPC" failures="0" tests="1" name="Appium.TwitterLogin" time="23.057" errors="0" timestamp="11 Aug 2021 09:15:39 GMT" skipped="0">
  <testcase classname="Appium.TwitterLogin" name="testcase1" time="23.057"/>
</testsuite> <!-- Appium.TwitterLogin -->
