<?xml version="1.0" encoding="UTF-8"?>
<!-- Generated by org.testng.reporters.JUnitReportReporter -->
<testsuite ignored="0" hostname="DESKTOP-EM23KPC" failures="0" tests="1" name="Appium.xpathMacaca" time="23.624" errors="0" timestamp="10 Aug 2021 13:15:18 GMT" skipped="0">
  <testcase classname="Appium.xpathMacaca" name="testcase1" time="23.624"/>
</testsuite> <!-- Appium.xpathMacaca -->
