<?xml version="1.0" encoding="UTF-8"?>
<!-- Generated by org.testng.reporters.JUnitReportReporter -->
<testsuite ignored="0" hostname="DESKTOP-EM23KPC" failures="0" tests="1" name="Appium.PinchZoom" time="7.612" errors="0" timestamp="11 Aug 2021 12:28:18 GMT" skipped="0">
  <testcase classname="Appium.PinchZoom" name="testcase1" time="7.612"/>
</testsuite> <!-- Appium.PinchZoom -->
