<?xml version="1.0" encoding="UTF-8"?>
<!-- Generated by org.testng.reporters.JUnitReportReporter -->
<testsuite hostname="DESKTOP-EM23KPC" failures="0" tests="1" name="GoogleSearch2" time="14.422" errors="0" timestamp="2021-08-05T11:07:15 AST" skipped="0">
  <testcase classname="GoogleSearch2" name="testcase1" time="14.422"/>
  <system-out/>
</testsuite> <!-- GoogleSearch2 -->
