<?xml version="1.0" encoding="UTF-8"?>
<!-- Generated by org.testng.reporters.JUnitReportReporter -->
<testsuite hostname="DESKTOP-EM23KPC" failures="0" tests="1" name="HandlingPopUp" time="8.250" errors="0" timestamp="2021-08-04T15:24:25 AST" skipped="0">
  <testcase classname="HandlingPopUp" name="testcase1" time="8.250"/>
  <system-out/>
</testsuite> <!-- HandlingPopUp -->
