<?xml version="1.0" encoding="UTF-8"?>
<!-- Generated by org.testng.reporters.JUnitReportReporter -->
<testsuite ignored="0" hostname="DESKTOP-EM23KPC" failures="0" tests="1" name="Appium.AmazonSignIn" time="9.892" errors="0" timestamp="09 Aug 2021 13:25:18 GMT" skipped="0">
  <testcase classname="Appium.AmazonSignIn" name="testcase1" time="9.892"/>
</testsuite> <!-- Appium.AmazonSignIn -->
