<?xml version="1.0" encoding="UTF-8"?>
<!-- Generated by org.testng.reporters.JUnitReportReporter -->
<testsuite ignored="0" hostname="DESKTOP-EM23KPC" failures="0" tests="1" name="Appium.PinchZoom2" time="8.659" errors="0" timestamp="11 Aug 2021 12:16:39 GMT" skipped="0">
  <testcase classname="Appium.PinchZoom2" name="testcase1" time="8.659"/>
</testsuite> <!-- Appium.PinchZoom2 -->
