<?xml version="1.0" encoding="UTF-8"?>
<!-- Generated by org.testng.reporters.JUnitReportReporter -->
<testsuite ignored="0" hostname="DESKTOP-EM23KPC" failures="0" tests="1" name="Appium.UIAutomatorExample" time="20.534" errors="0" timestamp="09 Aug 2021 12:20:10 GMT" skipped="0">
  <testcase classname="Appium.UIAutomatorExample" name="testcase1" time="20.534"/>
</testsuite> <!-- Appium.UIAutomatorExample -->
