<?xml version="1.0" encoding="UTF-8"?>
<!-- Generated by org.testng.reporters.JUnitReportReporter -->
<testsuite ignored="0" hostname="DESKTOP-EM23KPC" failures="0" tests="1" name="Appium.PhoneTap" time="11.174" errors="0" timestamp="08 Aug 2021 09:24:18 GMT" skipped="0">
  <testcase classname="Appium.PhoneTap" name="testcase1" time="11.174"/>
</testsuite> <!-- Appium.PhoneTap -->
