<?xml version="1.0" encoding="UTF-8"?>
<!-- Generated by org.testng.reporters.JUnitReportReporter -->
<testsuite ignored="0" hostname="DESKTOP-EM23KPC" failures="0" tests="1" name="Appium.ChangeWidgets" time="11.591" errors="0" timestamp="08 Aug 2021 08:43:16 GMT" skipped="0">
  <testcase classname="Appium.ChangeWidgets" name="testcase1" time="11.591"/>
</testsuite> <!-- Appium.ChangeWidgets -->
