<?xml version="1.0" encoding="UTF-8"?>
<!-- Generated by org.testng.reporters.JUnitReportReporter -->
<testsuite ignored="0" hostname="DESKTOP-EM23KPC" failures="0" tests="1" name="Appium.ScrollSwipe" time="15.474" errors="0" timestamp="08 Aug 2021 08:05:50 GMT" skipped="0">
  <testcase classname="Appium.ScrollSwipe" name="testcase1" time="15.474"/>
</testsuite> <!-- Appium.ScrollSwipe -->
