<?xml version="1.0" encoding="UTF-8"?>
<!-- Generated by org.testng.reporters.JUnitReportReporter -->
<testsuite ignored="0" hostname="DESKTOP-EM23KPC" failures="0" tests="1" name="Appium.ScrollSwipe" time="18.180" errors="0" timestamp="12 Aug 2021 12:21:52 GMT" skipped="0">
  <testcase classname="Appium.ScrollSwipe" name="testcase1" time="18.180"/>
</testsuite> <!-- Appium.ScrollSwipe -->
