<?xml version="1.0" encoding="UTF-8"?>
<!-- Generated by org.testng.reporters.JUnitReportReporter -->
<testsuite hostname="DESKTOP-EM23KPC" failures="0" tests="1" name="GoogleSearch" time="9.301" errors="0" timestamp="2021-08-04T12:01:42 AST" skipped="0">
  <testcase classname="GoogleSearch" name="testcase1" time="9.301"/>
  <system-out/>
</testsuite> <!-- GoogleSearch -->
