<?xml version="1.0" encoding="UTF-8"?>
<!-- Generated by org.testng.reporters.JUnitReportReporter -->
<testsuite ignored="0" hostname="DESKTOP-EM23KPC" failures="0" tests="1" name="Appium.PinchZoom" time="9.638" errors="0" timestamp="15 Aug 2021 06:41:04 GMT" skipped="0">
  <testcase classname="Appium.PinchZoom" name="testcase1" time="9.638"/>
</testsuite> <!-- Appium.PinchZoom -->
