<?xml version="1.0" encoding="UTF-8"?>
<!-- Generated by org.testng.reporters.JUnitReportReporter -->
<testsuite hostname="DESKTOP-EM23KPC" failures="0" tests="1" name="AppiumServer" time="7.165" errors="0" timestamp="2021-08-08T09:50:47 AST" skipped="0">
  <testcase classname="AppiumServer" name="test" time="7.165"/>
  <system-out/>
</testsuite> <!-- AppiumServer -->
