<?xml version="1.0" encoding="UTF-8"?>
<!-- Generated by org.testng.reporters.JUnitReportReporter -->
<testsuite ignored="0" hostname="DESKTOP-EM23KPC" failures="0" tests="1" name="Appium.HandlingPopUp" time="9.241" errors="0" timestamp="09 Aug 2021 13:32:13 GMT" skipped="0">
  <testcase classname="Appium.HandlingPopUp" name="testcase1" time="9.241"/>
</testsuite> <!-- Appium.HandlingPopUp -->
