<?xml version="1.0" encoding="UTF-8"?>
<!-- Generated by org.testng.reporters.JUnitReportReporter -->
<testsuite ignored="0" hostname="DESKTOP-EM23KPC" failures="0" tests="1" name="Appium.GoogleSearch2" time="17.231" errors="0" timestamp="09 Aug 2021 13:42:18 GMT" skipped="0">
  <testcase classname="Appium.GoogleSearch2" name="testcase1" time="17.231"/>
</testsuite> <!-- Appium.GoogleSearch2 -->
