<?xml version="1.0" encoding="UTF-8"?>
<!-- Generated by org.testng.reporters.JUnitReportReporter -->
<testsuite ignored="0" hostname="DESKTOP-EM23KPC" failures="0" tests="1" name="Appium.HandlingPopUp" time="8.129" errors="0" timestamp="15 Aug 2021 06:37:14 GMT" skipped="0">
  <testcase classname="Appium.HandlingPopUp" name="testcase1" time="8.129"/>
</testsuite> <!-- Appium.HandlingPopUp -->
