<?xml version="1.0" encoding="UTF-8"?>
<!-- Generated by org.testng.reporters.JUnitReportReporter -->
<testsuite ignored="0" hostname="DESKTOP-EM23KPC" failures="0" tests="1" name="Appium.ExtentReportDemo" time="32.735" errors="0" timestamp="11 Aug 2021 13:20:02 GMT" skipped="0">
  <testcase classname="Appium.ExtentReportDemo" name="testcase1" time="32.735"/>
</testsuite> <!-- Appium.ExtentReportDemo -->
