<?xml version="1.0" encoding="UTF-8"?>
<!-- Generated by org.testng.reporters.JUnitReportReporter -->
<testsuite ignored="0" hostname="DESKTOP-EM23KPC" failures="0" tests="1" name="Appium.Noon" time="149.619" errors="0" timestamp="15 Aug 2021 08:43:58 GMT" skipped="0">
  <testcase classname="Appium.Noon" name="testcase1" time="149.619"/>
</testsuite> <!-- Appium.Noon -->
