<?xml version="1.0" encoding="UTF-8"?>
<!-- Generated by org.testng.reporters.JUnitReportReporter -->
<testsuite ignored="0" hostname="DESKTOP-EM23KPC" failures="0" tests="1" name="Appium.UIAutomatorExample" time="18.842" errors="0" timestamp="08 Aug 2021 11:52:54 GMT" skipped="0">
  <testcase classname="Appium.UIAutomatorExample" name="testcase1" time="18.842"/>
</testsuite> <!-- Appium.UIAutomatorExample -->
