<?xml version="1.0" encoding="UTF-8"?>
<!-- Generated by org.testng.reporters.JUnitReportReporter -->
<testsuite ignored="0" hostname="DESKTOP-EM23KPC" failures="0" tests="1" name="com.experitest.auto.IOSDemoTest" time="33.293" errors="0" timestamp="08 Aug 2021 07:04:13 GMT" skipped="0">
  <testcase classname="com.experitest.auto.IOSDemoTest" name="test" time="33.293"/>
</testsuite> <!-- com.experitest.auto.IOSDemoTest -->
