<?xml version="1.0" encoding="UTF-8"?>
<!-- Generated by org.testng.reporters.JUnitReportReporter -->
<testsuite ignored="0" hostname="DESKTOP-EM23KPC" failures="0" tests="2" name="Appium.GenyMotionParallel" time="31.701" errors="0" timestamp="17 Aug 2021 11:54:08 GMT" skipped="0">
  <testcase classname="Appium.GenyMotionParallel" name="initializeDriver" time="15.307"/>
  <testcase classname="Appium.GenyMotionParallel" name="initializeDriver" time="16.394"/>
</testsuite> <!-- Appium.GenyMotionParallel -->
