<?xml version="1.0" encoding="UTF-8"?>
<!-- Generated by org.testng.reporters.JUnitReportReporter -->
<testsuite hostname="DESKTOP-EM23KPC" failures="0" tests="1" name="AndroidEmulator" time="34.604" errors="0" timestamp="2021-08-04T11:57:38 AST" skipped="0">
  <testcase classname="AndroidEmulator" name="testcase1" time="34.604"/>
  <system-out/>
</testsuite> <!-- AndroidEmulator -->
