<?xml version="1.0" encoding="UTF-8"?>
<!-- Generated by org.testng.reporters.JUnitReportReporter -->
<testsuite ignored="0" hostname="DESKTOP-EM23KPC" failures="0" tests="2" name="Appium.GenyMotionParallel" time="43.944" errors="0" timestamp="17 Aug 2021 11:45:19 GMT" skipped="0">
  <testcase classname="Appium.GenyMotionParallel" name="initializeDriver" time="21.572"/>
  <testcase classname="Appium.GenyMotionParallel" name="initializeDriver" time="22.372"/>
</testsuite> <!-- Appium.GenyMotionParallel -->
