<?xml version="1.0" encoding="UTF-8"?>
<!-- Generated by org.testng.reporters.JUnitReportReporter -->
<testsuite ignored="0" hostname="DESKTOP-EM23KPC" failures="0" tests="1" name="Appium.ChangeWidgets" time="6.224" errors="0" timestamp="12 Aug 2021 12:31:19 GMT" skipped="0">
  <testcase classname="Appium.ChangeWidgets" name="testcase1" time="6.224"/>
</testsuite> <!-- Appium.ChangeWidgets -->
