<?xml version="1.0" encoding="UTF-8"?>
<!-- Generated by org.testng.reporters.JUnitReportReporter -->
<testsuite hostname="DESKTOP-EM23KPC" failures="0" tests="1" name="AndroidEmulator" time="33.063" errors="0" timestamp="2021-08-05T13:30:52 AST" skipped="0">
  <testcase classname="AndroidEmulator" name="testcase1" time="33.063"/>
  <system-out/>
</testsuite> <!-- AndroidEmulator -->
