<?xml version="1.0" encoding="UTF-8"?>
<!-- Generated by org.testng.reporters.JUnitReportReporter -->
<testsuite hostname="DESKTOP-EM23KPC" failures="0" tests="1" name="AppiumServer" time="7.842" errors="0" timestamp="2021-08-05T14:04:07 AST" skipped="0">
  <testcase classname="AppiumServer" name="test" time="7.842"/>
  <system-out/>
</testsuite> <!-- AppiumServer -->
