<?xml version="1.0" encoding="UTF-8"?>
<!-- Generated by org.testng.reporters.JUnitReportReporter -->
<testsuite ignored="0" hostname="DESKTOP-EM23KPC" failures="0" tests="1" name="com.experitest.auto.IOSDemoTest" time="37.012" errors="0" timestamp="09 Aug 2021 14:02:16 GMT" skipped="0">
  <testcase classname="com.experitest.auto.IOSDemoTest" name="test" time="37.012"/>
</testsuite> <!-- com.experitest.auto.IOSDemoTest -->
