<?xml version="1.0" encoding="UTF-8"?>
<!-- Generated by org.testng.reporters.JUnitReportReporter -->
<testsuite ignored="0" hostname="DESKTOP-EM23KPC" failures="0" tests="1" name="Appium.PhoneTap" time="10.560" errors="0" timestamp="12 Aug 2021 12:38:18 GMT" skipped="0">
  <testcase classname="Appium.PhoneTap" name="testcase1" time="10.560"/>
</testsuite> <!-- Appium.PhoneTap -->
