<?xml version="1.0" encoding="UTF-8"?>
<!-- Generated by org.testng.reporters.JUnitReportReporter -->
<testsuite ignored="0" hostname="DESKTOP-EM23KPC" failures="0" tests="1" name="Appium.AppiumServer" time="5.680" errors="0" timestamp="09 Aug 2021 13:47:57 GMT" skipped="0">
  <testcase classname="Appium.AppiumServer" name="test" time="5.680"/>
</testsuite> <!-- Appium.AppiumServer -->
