<?xml version="1.0" encoding="UTF-8"?>
<!-- Generated by org.testng.reporters.JUnitReportReporter -->
<testsuite hostname="DESKTOP-EM23KPC" failures="0" tests="4" name="HandlingIframe" time="17.583" errors="0" timestamp="2021-07-28T22:09:02 AST" skipped="0">
  <testcase classname="HandlingIframe" name="openNewsIframe" time="4.419"/>
  <system-out>
    <![CDATA[======Opening news 1======]]>
  </system-out>
  <testcase classname="HandlingIframe" name="openNewsIframe" time="4.342"/>
  <system-out>
    <![CDATA[======Opening news 1======]]>
  </system-out>
  <testcase classname="HandlingIframe" name="openNewsIframe" time="4.386"/>
  <system-out>
    <![CDATA[======Opening news 1======]]>
  </system-out>
  <testcase classname="HandlingIframe" name="openNewsIframe" time="4.436"/>
  <system-out>
    <![CDATA[======Opening news 1======]]>
  </system-out>
</testsuite> <!-- HandlingIframe -->
