<?xml version="1.0" encoding="UTF-8"?>
<!-- Generated by org.testng.reporters.JUnitReportReporter -->
<testsuite hostname="DESKTOP-EM23KPC" failures="0" tests="2" name="YoutubeError" time="9.160" errors="0" timestamp="2021-07-25T12:42:49 AST" skipped="0">
  <testcase classname="YoutubeError" name="checkLibrary" time="4.578"/>
  <system-out/>
  <testcase classname="YoutubeError" name="checkSubscription" time="4.582"/>
  <system-out/>
</testsuite> <!-- YoutubeError -->
