<?xml version="1.0" encoding="UTF-8"?>
<!-- Generated by org.testng.reporters.JUnitReportReporter -->
<testsuite hostname="DESKTOP-EM23KPC" failures="0" tests="1" name="InstagramLogin" time="13.021" errors="0" timestamp="2021-07-25T11:14:46 AST" skipped="0">
  <testcase classname="InstagramLogin" name="instagram" time="13.021"/>
  <system-out/>
</testsuite> <!-- InstagramLogin -->
