<?xml version="1.0" encoding="UTF-8"?>
<!-- Generated by org.testng.reporters.JUnitReportReporter -->
<testsuite hostname="DESKTOP-EM23KPC" failures="0" tests="1" name="CrossBrowser" time="9.219" errors="0" timestamp="2021-07-26T11:16:46 AST" skipped="0">
  <testcase classname="CrossBrowser" name="initializingBrowser" time="9.219"/>
  <system-out>
    <![CDATA["Firefox" is not a supported browser. Firefox will be used instead
Firefox driver was initialised
Language of Facebook was changed to 'English (US)']]>
  </system-out>
</testsuite> <!-- CrossBrowser -->
