<?xml version="1.0" encoding="UTF-8"?>
<!-- Generated by org.testng.reporters.JUnitReportReporter -->
<testsuite hostname="DESKTOP-EM23KPC" failures="0" tests="2" name="YoutubeError" time="9.086" errors="0" timestamp="2021-07-26T11:04:22 AST" skipped="0">
  <testcase classname="YoutubeError" name="checkLibrary" time="4.582"/>
  <system-out>
    <![CDATA[- Library tab is opened and message is checked]]>
  </system-out>
  <testcase classname="YoutubeError" name="checkSubscription" time="4.504"/>
  <system-out>
    <![CDATA[- Subscriptions tab is opened and message is checked]]>
  </system-out>
</testsuite> <!-- YoutubeError -->
