<?xml version="1.0" encoding="UTF-8"?>
<!-- Generated by org.testng.reporters.JUnitReportReporter -->
<testsuite hostname="DESKTOP-EM23KPC" failures="0" tests="1" name="ExcelTest" time="12.503" errors="0" timestamp="2021-07-26T12:21:35 AST" skipped="0">
  <testcase classname="ExcelTest" name="test" time="12.503"/>
  <system-out/>
</testsuite> <!-- ExcelTest -->
