<?xml version="1.0" encoding="UTF-8"?>
<!-- Generated by org.testng.reporters.JUnitReportReporter -->
<testsuite hostname="DESKTOP-EM23KPC" failures="0" tests="1" name="TestNG1" time="7.531" errors="0" timestamp="2021-07-26T10:01:06 AST" skipped="0">
  <testcase classname="TestNG1" name="testGoogle" time="7.531"/>
  <system-out/>
</testsuite> <!-- TestNG1 -->
