<?xml version="1.0" encoding="UTF-8"?>
<!-- Generated by org.testng.reporters.JUnitReportReporter -->
<testsuite hostname="DESKTOP-EM23KPC" failures="0" tests="1" name="HandlingIframe" time="8.011" errors="0" timestamp="2021-07-28T10:44:55 AST" skipped="0">
  <testcase classname="HandlingIframe" name="taboola_iframe" time="8.011"/>
  <system-out/>
</testsuite> <!-- HandlingIframe -->
