<?xml version="1.0" encoding="UTF-8"?>
<!-- Generated by org.testng.reporters.JUnitReportReporter -->
<testsuite hostname="DESKTOP-EM23KPC" failures="0" tests="3" name="CrossBrowser" time="19.299" errors="0" timestamp="2021-07-26T10:24:09 AST" skipped="0">
  <testcase classname="CrossBrowser" name="initializingBrowser" time="5.853"/>
  <system-out>
    <![CDATA[Chrome driver was initialised
Language of Facebook was changed to 'English (US)']]>
  </system-out>
  <testcase classname="CrossBrowser" name="initializingBrowser" time="5.682"/>
  <system-out>
    <![CDATA[Chrome driver was initialised
Language of Facebook was changed to 'English (US)']]>
  </system-out>
  <testcase classname="CrossBrowser" name="initializingBrowser" time="7.764"/>
  <system-out>
    <![CDATA[Safari is not a supported browser. Firefox will be used instead
Firefox driver was initialised
Language of Facebook was changed to 'English (US)']]>
  </system-out>
</testsuite> <!-- CrossBrowser -->
