<?xml version="1.0" encoding="UTF-8"?>
<!-- Generated by org.testng.reporters.JUnitReportReporter -->
<testsuite hostname="DESKTOP-EM23KPC" failures="0" tests="3" name="ExcelTest" time="46.921" errors="0" timestamp="2021-07-27T11:58:34 AST" skipped="0">
  <testcase classname="ExcelTest" name="testSearch" time="15.297"/>
  <system-out>
    <![CDATA[Values to be searched for: 
Saudi Digital Academy
Coding Dojo]]>
  </system-out>
  <testcase classname="ExcelTest" name="testSearch" time="17.462"/>
  <system-out>
    <![CDATA[Values to be searched for: 
JUnit Testing
Selenium
TestNG]]>
  </system-out>
  <testcase classname="ExcelTest" name="testSearch" time="14.162"/>
  <system-out>
    <![CDATA[Values to be searched for: 
Google]]>
  </system-out>
</testsuite> <!-- ExcelTest -->
