<?xml version="1.0" encoding="UTF-8"?>
<!-- Generated by org.testng.reporters.JUnitReportReporter -->
<testsuite hostname="DESKTOP-EM23KPC" failures="0" tests="3" name="ExcelTest" time="48.331" errors="0" timestamp="2021-07-26T17:50:04 AST" skipped="0">
  <testcase classname="ExcelTest" name="testSearch" time="16.064"/>
  <system-out>
    <![CDATA[Values to be searched for: 
Saudi Digital Academy
Coding Dojo]]>
  </system-out>
  <testcase classname="ExcelTest" name="testSearch" time="18.587"/>
  <system-out>
    <![CDATA[Values to be searched for: 
JUnit Testing
Selenium
TestNG]]>
  </system-out>
  <testcase classname="ExcelTest" name="testSearch" time="13.680"/>
  <system-out>
    <![CDATA[Values to be searched for: 
Google]]>
  </system-out>
</testsuite> <!-- ExcelTest -->
