<?xml version="1.0" encoding="UTF-8"?>
<!-- Generated by org.testng.reporters.JUnitReportReporter -->
<testsuite hostname="DESKTOP-EM23KPC" failures="0" tests="1" name="TestNG1" time="7.462" errors="0" timestamp="2021-07-25T10:14:28 AST" skipped="0">
  <testcase classname="TestNG1" name="testGoogle" time="7.462"/>
  <system-out/>
</testsuite> <!-- TestNG1 -->
