<?xml version="1.0" encoding="UTF-8"?>
<!-- Generated by org.testng.reporters.JUnitReportReporter -->
<testsuite hostname="DESKTOP-EM23KPC" failures="0" tests="1" name="GridTest" time="2.716" errors="0" timestamp="2021-07-28T23:01:30 AST" skipped="0">
  <testcase classname="GridTest" name="testGoogle" time="2.716"/>
  <system-out/>
</testsuite> <!-- GridTest -->
