<?xml version="1.0" encoding="UTF-8"?>
<!-- Generated by org.testng.reporters.JUnitReportReporter -->
<testsuite hostname="DESKTOP-EM23KPC" failures="0" tests="4" name="HandlingIframe" time="17.511" errors="0" timestamp="2021-07-28T13:17:18 AST" skipped="0">
  <testcase classname="HandlingIframe" name="openNewsIframe" time="4.413"/>
  <system-out/>
  <testcase classname="HandlingIframe" name="openNewsIframe" time="4.396"/>
  <system-out/>
  <testcase classname="HandlingIframe" name="openNewsIframe" time="4.341"/>
  <system-out/>
  <testcase classname="HandlingIframe" name="openNewsIframe" time="4.361"/>
  <system-out/>
</testsuite> <!-- HandlingIframe -->
