<?xml version="1.0" encoding="UTF-8"?>
<!-- Generated by org.testng.reporters.JUnitReportReporter -->
<testsuite hostname="DESKTOP-EM23KPC" failures="0" tests="3" name="WalmartTest" time="58.892" errors="0" timestamp="2021-08-20T13:37:03 AST" skipped="0">
  <testcase classname="WalmartTest" name="addItemToCart" time="53.206"/>
  <system-out/>
  <testcase classname="WalmartTest" name="invalidCreditCard" time="0.608"/>
  <system-out>
    <![CDATA[======Trying Invalid Card Number======]]>
  </system-out>
  <testcase classname="WalmartTest" name="validCreditCard" time="5.078"/>
  <system-out>
    <![CDATA[======Trying Valid Card Number======]]>
  </system-out>
</testsuite> <!-- WalmartTest -->
